[35m[1mScanning dependencies of target vrpn_listener[0m
[ 50%] [32mBuilding CXX object CMakeFiles/vrpn_listener.dir/src/vrpn_listener.cpp.o[0m
In file included from [01m[K/home/nicsrobot/Documents/vrpn_ros2/src/vrpn_listener/src/vrpn_listener.cpp:1[m[K:
[01m[K/home/nicsrobot/Documents/vrpn_ros2/src/vrpn_listener/include/vrpn_listener/vrpn_listener.hpp:57:54:[m[K [01;31m[Kerror: [m[Kexpected unqualified-id before numeric constant
   57 |     void createSynchronizer(std::string sender_name);[01;31m[K0[m[K
      |                                                      [01;31m[K^[m[K
[01m[K/home/nicsrobot/Documents/vrpn_ros2/src/vrpn_listener/src/vrpn_listener.cpp:3:1:[m[K [01;31m[Kerror: [m[Kno declaration matches ‘[01m[KVRPNListener::VRPNListener(std::string)[m[K’
    3 | [01;31m[KVRPNListener[m[K::VRPNListener(std::string name) : Node(name)
      | [01;31m[K^~~~~~~~~~~~[m[K
In file included from [01m[K/home/nicsrobot/Documents/vrpn_ros2/src/vrpn_listener/src/vrpn_listener.cpp:1[m[K:
[01m[K/home/nicsrobot/Documents/vrpn_ros2/src/vrpn_listener/include/vrpn_listener/vrpn_listener.hpp:26:7:[m[K [01;36m[Knote: [m[Kcandidates are: ‘[01m[KVRPNListener::VRPNListener(VRPNListener&&)[m[K’
   26 | class [01;36m[KVRPNListener[m[K : public rclcpp::Node
      |       [01;36m[K^~~~~~~~~~~~[m[K
[01m[K/home/nicsrobot/Documents/vrpn_ros2/src/vrpn_listener/include/vrpn_listener/vrpn_listener.hpp:26:7:[m[K [01;36m[Knote: [m[K                ‘[01m[KVRPNListener::VRPNListener(const VRPNListener&)[m[K’
[01m[K/home/nicsrobot/Documents/vrpn_ros2/src/vrpn_listener/include/vrpn_listener/vrpn_listener.hpp:26:7:[m[K [01;36m[Knote: [m[K                ‘[01m[KVRPNListener::VRPNListener()[m[K’
[01m[K/home/nicsrobot/Documents/vrpn_ros2/src/vrpn_listener/include/vrpn_listener/vrpn_listener.hpp:26:7:[m[K [01;36m[Knote: [m[K‘[01m[Kclass VRPNListener[m[K’ defined here
In file included from [01m[K/usr/include/x86_64-linux-gnu/c++/9/bits/c++allocator.h:33[m[K,
                 from [01m[K/usr/include/c++/9/bits/allocator.h:46[m[K,
                 from [01m[K/usr/include/c++/9/string:41[m[K,
                 from [01m[K/usr/include/c++/9/bits/locale_classes.h:40[m[K,
                 from [01m[K/usr/include/c++/9/bits/ios_base.h:41[m[K,
                 from [01m[K/usr/include/c++/9/ios:42[m[K,
                 from [01m[K/usr/include/c++/9/ostream:38[m[K,
                 from [01m[K/usr/include/c++/9/iostream:39[m[K,
                 from [01m[K/home/nicsrobot/Documents/vrpn_ros2/src/vrpn_listener/include/vrpn_listener/vrpn_listener.hpp:1[m[K,
                 from [01m[K/home/nicsrobot/Documents/vrpn_ros2/src/vrpn_listener/src/vrpn_listener.cpp:1[m[K:
/usr/include/c++/9/ext/new_allocator.h: In instantiation of ‘[01m[Kvoid __gnu_cxx::new_allocator<_Tp>::construct(_Up*, _Args&& ...) [with _Up = VRPNListener; _Args = {std::__cxx11::basic_string<char, std::char_traits<char>, std::allocator<char> >&}; _Tp = VRPNListener][m[K’:
[01m[K/usr/include/c++/9/bits/alloc_traits.h:483:4:[m[K   required from ‘[01m[Kstatic void std::allocator_traits<std::allocator<_CharT> >::construct(std::allocator_traits<std::allocator<_CharT> >::allocator_type&, _Up*, _Args&& ...) [with _Up = VRPNListener; _Args = {std::__cxx11::basic_string<char, std::char_traits<char>, std::allocator<char> >&}; _Tp = VRPNListener; std::allocator_traits<std::allocator<_CharT> >::allocator_type = std::allocator<VRPNListener>][m[K’
[01m[K/usr/include/c++/9/bits/shared_ptr_base.h:548:39:[m[K   required from ‘[01m[Kstd::_Sp_counted_ptr_inplace<_Tp, _Alloc, _Lp>::_Sp_counted_ptr_inplace(_Alloc, _Args&& ...) [with _Args = {std::__cxx11::basic_string<char, std::char_traits<char>, std::allocator<char> >&}; _Tp = VRPNListener; _Alloc = std::allocator<VRPNListener>; __gnu_cxx::_Lock_policy _Lp = __gnu_cxx::_S_atomic][m[K’
[01m[K/usr/include/c++/9/bits/shared_ptr_base.h:679:16:[m[K   required from ‘[01m[Kstd::__shared_count<_Lp>::__shared_count(_Tp*&, std::_Sp_alloc_shared_tag<_Alloc>, _Args&& ...) [with _Tp = VRPNListener; _Alloc = std::allocator<VRPNListener>; _Args = {std::__cxx11::basic_string<char, std::char_traits<char>, std::allocator<char> >&}; __gnu_cxx::_Lock_policy _Lp = __gnu_cxx::_S_atomic][m[K’
[01m[K/usr/include/c++/9/bits/shared_ptr_base.h:1344:71:[m[K   required from ‘[01m[Kstd::__shared_ptr<_Tp, _Lp>::__shared_ptr(std::_Sp_alloc_shared_tag<_Tp>, _Args&& ...) [with _Alloc = std::allocator<VRPNListener>; _Args = {std::__cxx11::basic_string<char, std::char_traits<char>, std::allocator<char> >&}; _Tp = VRPNListener; __gnu_cxx::_Lock_policy _Lp = __gnu_cxx::_S_atomic][m[K’
[01m[K/usr/include/c++/9/bits/shared_ptr.h:359:59:[m[K   required from ‘[01m[Kstd::shared_ptr<_Tp>::shared_ptr(std::_Sp_alloc_shared_tag<_Tp>, _Args&& ...) [with _Alloc = std::allocator<VRPNListener>; _Args = {std::__cxx11::basic_string<char, std::char_traits<char>, std::allocator<char> >&}; _Tp = VRPNListener][m[K’
[01m[K/usr/include/c++/9/bits/shared_ptr.h:701:14:[m[K   required from ‘[01m[Kstd::shared_ptr<_Tp> std::allocate_shared(const _Alloc&, _Args&& ...) [with _Tp = VRPNListener; _Alloc = std::allocator<VRPNListener>; _Args = {std::__cxx11::basic_string<char, std::char_traits<char>, std::allocator<char> >&}][m[K’
[01m[K/usr/include/c++/9/bits/shared_ptr.h:717:39:[m[K   required from ‘[01m[Kstd::shared_ptr<_Tp> std::make_shared(_Args&& ...) [with _Tp = VRPNListener; _Args = {std::__cxx11::basic_string<char, std::char_traits<char>, std::allocator<char> >&}][m[K’
[01m[K/home/nicsrobot/Documents/vrpn_ros2/src/vrpn_listener/src/vrpn_listener.cpp:221:61:[m[K   required from here
[01m[K/usr/include/c++/9/ext/new_allocator.h:146:4:[m[K [01;31m[Kerror: [m[Kno matching function for call to ‘[01m[KVRPNListener::VRPNListener(std::__cxx11::basic_string<char>&)[m[K’
  146 |  { [01;31m[K::new((void *)__p) _Up(std::forward<_Args>(__args)...)[m[K; }
      |    [01;31m[K^~~~~~~~~~~~~~~~~~~~~~~~~~~~~~~~~~~~~~~~~~~~~~~~~~~~~~[m[K
In file included from [01m[K/home/nicsrobot/Documents/vrpn_ros2/src/vrpn_listener/src/vrpn_listener.cpp:1[m[K:
[01m[K/home/nicsrobot/Documents/vrpn_ros2/src/vrpn_listener/include/vrpn_listener/vrpn_listener.hpp:26:7:[m[K [01;36m[Knote: [m[Kcandidate: ‘[01m[KVRPNListener::VRPNListener()[m[K’ <deleted>
   26 | class [01;36m[KVRPNListener[m[K : public rclcpp::Node
      |       [01;36m[K^~~~~~~~~~~~[m[K
[01m[K/home/nicsrobot/Documents/vrpn_ros2/src/vrpn_listener/include/vrpn_listener/vrpn_listener.hpp:26:7:[m[K [01;36m[Knote: [m[K  candidate expects 0 arguments, 1 provided
[01m[K/home/nicsrobot/Documents/vrpn_ros2/src/vrpn_listener/include/vrpn_listener/vrpn_listener.hpp:26:7:[m[K [01;36m[Knote: [m[Kcandidate: ‘[01m[KVRPNListener::VRPNListener(const VRPNListener&)[m[K’ <deleted>
[01m[K/home/nicsrobot/Documents/vrpn_ros2/src/vrpn_listener/include/vrpn_listener/vrpn_listener.hpp:26:7:[m[K [01;36m[Knote: [m[K  no known conversion for argument 1 from ‘[01m[Kstd::__cxx11::basic_string<char>[m[K’ to ‘[01m[Kconst VRPNListener&[m[K’
[01m[K/home/nicsrobot/Documents/vrpn_ros2/src/vrpn_listener/include/vrpn_listener/vrpn_listener.hpp:26:7:[m[K [01;36m[Knote: [m[Kcandidate: ‘[01m[KVRPNListener::VRPNListener(VRPNListener&&)[m[K’ <deleted>
[01m[K/home/nicsrobot/Documents/vrpn_ros2/src/vrpn_listener/include/vrpn_listener/vrpn_listener.hpp:26:7:[m[K [01;36m[Knote: [m[K  no known conversion for argument 1 from ‘[01m[Kstd::__cxx11::basic_string<char>[m[K’ to ‘[01m[KVRPNListener&&[m[K’
make[2]: *** [CMakeFiles/vrpn_listener.dir/build.make:63: CMakeFiles/vrpn_listener.dir/src/vrpn_listener.cpp.o] Error 1
make[1]: *** [CMakeFiles/Makefile2:78: CMakeFiles/vrpn_listener.dir/all] Error 2
make: *** [Makefile:141: all] Error 2
