[100%] Built target vrpn_listener
-- Install configuration: ""
-- Up-to-date: /home/nicsrobot/Documents/vrpn_ros2/install/vrpn_listener/share/vrpn_listener//launch
-- Up-to-date: /home/nicsrobot/Documents/vrpn_ros2/install/vrpn_listener/share/vrpn_listener//launch/sync_entity_state.launch
-- Up-to-date: /home/nicsrobot/Documents/vrpn_ros2/install/vrpn_listener/share/vrpn_listener//config
-- Up-to-date: /home/nicsrobot/Documents/vrpn_ros2/install/vrpn_listener/share/vrpn_listener//config/params.yaml
-- Up-to-date: /home/nicsrobot/Documents/vrpn_ros2/install/vrpn_listener/lib/vrpn_listener/vrpn_listener
-- Up-to-date: /home/nicsrobot/Documents/vrpn_ros2/install/vrpn_listener/share/ament_index/resource_index/package_run_dependencies/vrpn_listener
-- Up-to-date: /home/nicsrobot/Documents/vrpn_ros2/install/vrpn_listener/share/ament_index/resource_index/parent_prefix_path/vrpn_listener
-- Up-to-date: /home/nicsrobot/Documents/vrpn_ros2/install/vrpn_listener/share/vrpn_listener/environment/ament_prefix_path.dsv
-- Up-to-date: /home/nicsrobot/Documents/vrpn_ros2/install/vrpn_listener/share/vrpn_listener/environment/path.dsv
-- Up-to-date: /home/nicsrobot/Documents/vrpn_ros2/install/vrpn_listener/share/vrpn_listener/local_setup.bash
-- Up-to-date: /home/nicsrobot/Documents/vrpn_ros2/install/vrpn_listener/share/vrpn_listener/local_setup.sh
-- Up-to-date: /home/nicsrobot/Documents/vrpn_ros2/install/vrpn_listener/share/vrpn_listener/local_setup.zsh
-- Up-to-date: /home/nicsrobot/Documents/vrpn_ros2/install/vrpn_listener/share/vrpn_listener/local_setup.dsv
-- Installing: /home/nicsrobot/Documents/vrpn_ros2/install/vrpn_listener/share/vrpn_listener/package.dsv
-- Up-to-date: /home/nicsrobot/Documents/vrpn_ros2/install/vrpn_listener/share/ament_index/resource_index/packages/vrpn_listener
-- Up-to-date: /home/nicsrobot/Documents/vrpn_ros2/install/vrpn_listener/share/vrpn_listener/cmake/vrpn_listenerConfig.cmake
-- Up-to-date: /home/nicsrobot/Documents/vrpn_ros2/install/vrpn_listener/share/vrpn_listener/cmake/vrpn_listenerConfig-version.cmake
-- Up-to-date: /home/nicsrobot/Documents/vrpn_ros2/install/vrpn_listener/share/vrpn_listener/package.xml
