[0.662s] DEBUG:colcon:Command line arguments: ['/home/nicsrobot/.local/bin/colcon', 'build']
[0.663s] DEBUG:colcon:Parsed command line arguments: Namespace(allow_overriding=[], ament_cmake_args=None, base_paths=['.'], bazel_args=None, bazel_task=None, build_base='build', catkin_cmake_args=None, catkin_skip_building_tests=False, cmake_args=None, cmake_clean_cache=False, cmake_clean_first=False, cmake_force_configure=False, cmake_target=None, cmake_target_skip_unavailable=False, continue_on_error=False, event_handlers=None, executor='parallel', ignore_user_meta=False, install_base='install', log_base=None, log_level=None, main=<bound method BuildVerb.main of <colcon_core.verb.build.BuildVerb object at 0x7fa4eced7e20>>, merge_install=False, metas=['./colcon.meta'], mixin=None, mixin_files=None, mixin_verb=('build',), packages_above=None, packages_above_and_dependencies=None, packages_above_depth=None, packages_end=None, packages_ignore=None, packages_ignore_regex=None, packages_select=None, packages_select_build_failed=False, packages_select_by_dep=None, packages_select_regex=None, packages_select_test_failures=False, packages_skip=None, packages_skip_build_finished=False, packages_skip_by_dep=None, packages_skip_regex=None, packages_skip_test_passed=False, packages_skip_up_to=None, packages_start=None, packages_up_to=None, packages_up_to_regex=None, parallel_workers=8, paths=None, symlink_install=False, test_result_base=None, verb_extension=<colcon_core.verb.build.BuildVerb object at 0x7fa4eced7e20>, verb_name='build', verb_parser=<colcon_alias.argument_parser.alias.AliasArgumentDecorator object at 0x7fa4ec66b760>)
[0.768s] Level 1:colcon.colcon_core.package_discovery:discover_packages(colcon_meta) check parameters
[0.769s] Level 1:colcon.colcon_core.package_discovery:discover_packages(recursive) check parameters
[0.769s] Level 1:colcon.colcon_core.package_discovery:discover_packages(ignore) check parameters
[0.769s] Level 1:colcon.colcon_core.package_discovery:discover_packages(path) check parameters
[0.769s] Level 1:colcon.colcon_core.package_discovery:discover_packages(colcon_meta) discover
[0.769s] Level 1:colcon.colcon_core.package_discovery:discover_packages(recursive) discover
[0.769s] INFO:colcon.colcon_core.package_discovery:Crawling recursively for packages in '/home/nicsrobot/Documents/vrpn_ros2'
[0.769s] Level 1:colcon.colcon_core.package_identification:_identify(.) by extensions ['ignore', 'ignore_ament_install']
[0.769s] Level 1:colcon.colcon_core.package_identification:_identify(.) by extension 'ignore'
[0.769s] Level 1:colcon.colcon_core.package_identification:_identify(.) by extension 'ignore_ament_install'
[0.770s] Level 1:colcon.colcon_core.package_identification:_identify(.) by extensions ['colcon_pkg']
[0.770s] Level 1:colcon.colcon_core.package_identification:_identify(.) by extension 'colcon_pkg'
[0.770s] Level 1:colcon.colcon_core.package_identification:_identify(.) by extensions ['colcon_meta']
[0.770s] Level 1:colcon.colcon_core.package_identification:_identify(.) by extension 'colcon_meta'
[0.770s] Level 1:colcon.colcon_core.package_identification:_identify(.) by extensions ['ros']
[0.770s] Level 1:colcon.colcon_core.package_identification:_identify(.) by extension 'ros'
[0.774s] Level 1:colcon.colcon_core.package_identification:_identify(.) by extensions ['bazel', 'cmake', 'python']
[0.774s] Level 1:colcon.colcon_core.package_identification:_identify(.) by extension 'bazel'
[0.774s] Level 1:colcon.colcon_core.package_identification:_identify(.) by extension 'cmake'
[0.774s] Level 1:colcon.colcon_core.package_identification:_identify(.) by extension 'python'
[0.774s] Level 1:colcon.colcon_core.package_identification:_identify(.) by extensions ['python_setup_py']
[0.774s] Level 1:colcon.colcon_core.package_identification:_identify(.) by extension 'python_setup_py'
[0.774s] Level 1:colcon.colcon_core.package_identification:_identify(build) by extensions ['ignore', 'ignore_ament_install']
[0.775s] Level 1:colcon.colcon_core.package_identification:_identify(build) by extension 'ignore'
[0.775s] Level 1:colcon.colcon_core.package_identification:_identify(build) ignored
[0.775s] Level 1:colcon.colcon_core.package_identification:_identify(install) by extensions ['ignore', 'ignore_ament_install']
[0.775s] Level 1:colcon.colcon_core.package_identification:_identify(install) by extension 'ignore'
[0.775s] Level 1:colcon.colcon_core.package_identification:_identify(install) ignored
[0.775s] Level 1:colcon.colcon_core.package_identification:_identify(log) by extensions ['ignore', 'ignore_ament_install']
[0.775s] Level 1:colcon.colcon_core.package_identification:_identify(log) by extension 'ignore'
[0.775s] Level 1:colcon.colcon_core.package_identification:_identify(log) ignored
[0.775s] Level 1:colcon.colcon_core.package_identification:_identify(src) by extensions ['ignore', 'ignore_ament_install']
[0.776s] Level 1:colcon.colcon_core.package_identification:_identify(src) by extension 'ignore'
[0.776s] Level 1:colcon.colcon_core.package_identification:_identify(src) by extension 'ignore_ament_install'
[0.776s] Level 1:colcon.colcon_core.package_identification:_identify(src) by extensions ['colcon_pkg']
[0.776s] Level 1:colcon.colcon_core.package_identification:_identify(src) by extension 'colcon_pkg'
[0.776s] Level 1:colcon.colcon_core.package_identification:_identify(src) by extensions ['colcon_meta']
[0.776s] Level 1:colcon.colcon_core.package_identification:_identify(src) by extension 'colcon_meta'
[0.776s] Level 1:colcon.colcon_core.package_identification:_identify(src) by extensions ['ros']
[0.776s] Level 1:colcon.colcon_core.package_identification:_identify(src) by extension 'ros'
[0.776s] Level 1:colcon.colcon_core.package_identification:_identify(src) by extensions ['bazel', 'cmake', 'python']
[0.776s] Level 1:colcon.colcon_core.package_identification:_identify(src) by extension 'bazel'
[0.777s] Level 1:colcon.colcon_core.package_identification:_identify(src) by extension 'cmake'
[0.777s] Level 1:colcon.colcon_core.package_identification:_identify(src) by extension 'python'
[0.777s] Level 1:colcon.colcon_core.package_identification:_identify(src) by extensions ['python_setup_py']
[0.777s] Level 1:colcon.colcon_core.package_identification:_identify(src) by extension 'python_setup_py'
[0.777s] Level 1:colcon.colcon_core.package_identification:_identify(src/vrpn_listener) by extensions ['ignore', 'ignore_ament_install']
[0.777s] Level 1:colcon.colcon_core.package_identification:_identify(src/vrpn_listener) by extension 'ignore'
[0.777s] Level 1:colcon.colcon_core.package_identification:_identify(src/vrpn_listener) by extension 'ignore_ament_install'
[0.777s] Level 1:colcon.colcon_core.package_identification:_identify(src/vrpn_listener) by extensions ['colcon_pkg']
[0.777s] Level 1:colcon.colcon_core.package_identification:_identify(src/vrpn_listener) by extension 'colcon_pkg'
[0.777s] Level 1:colcon.colcon_core.package_identification:_identify(src/vrpn_listener) by extensions ['colcon_meta']
[0.777s] Level 1:colcon.colcon_core.package_identification:_identify(src/vrpn_listener) by extension 'colcon_meta'
[0.777s] Level 1:colcon.colcon_core.package_identification:_identify(src/vrpn_listener) by extensions ['ros']
[0.777s] Level 1:colcon.colcon_core.package_identification:_identify(src/vrpn_listener) by extension 'ros'
[0.781s] DEBUG:colcon.colcon_core.package_identification:Package 'src/vrpn_listener' with type 'ros.ament_cmake' and name 'vrpn_listener'
[0.781s] Level 1:colcon.colcon_core.package_discovery:discover_packages(recursive) using defaults
[0.781s] Level 1:colcon.colcon_core.package_discovery:discover_packages(ignore) discover
[0.781s] Level 1:colcon.colcon_core.package_discovery:discover_packages(ignore) using defaults
[0.781s] Level 1:colcon.colcon_core.package_discovery:discover_packages(path) discover
[0.781s] Level 1:colcon.colcon_core.package_discovery:discover_packages(path) using defaults
[0.864s] Level 1:colcon.colcon_core.package_discovery:discover_packages(prefix_path) check parameters
[0.864s] Level 1:colcon.colcon_core.package_discovery:discover_packages(prefix_path) discover
[0.886s] DEBUG:colcon.colcon_installed_package_information.package_discovery:Found 4 installed packages in /home/nicsrobot/ros2_ws/install
[0.901s] DEBUG:colcon.colcon_installed_package_information.package_discovery:Found 270 installed packages in /home/nicsrobot/ros2_foxy_debug/install
[0.907s] Level 1:colcon.colcon_core.package_discovery:discover_packages(prefix_path) using defaults
[0.946s] Level 5:colcon.colcon_core.verb:set package 'vrpn_listener' build argument 'bazel_args' from command line to 'None'
[0.946s] Level 5:colcon.colcon_core.verb:set package 'vrpn_listener' build argument 'bazel_task' from command line to 'None'
[0.946s] Level 5:colcon.colcon_core.verb:set package 'vrpn_listener' build argument 'cmake_args' from command line to 'None'
[0.946s] Level 5:colcon.colcon_core.verb:set package 'vrpn_listener' build argument 'cmake_target' from command line to 'None'
[0.947s] Level 5:colcon.colcon_core.verb:set package 'vrpn_listener' build argument 'cmake_target_skip_unavailable' from command line to 'False'
[0.947s] Level 5:colcon.colcon_core.verb:set package 'vrpn_listener' build argument 'cmake_clean_cache' from command line to 'False'
[0.947s] Level 5:colcon.colcon_core.verb:set package 'vrpn_listener' build argument 'cmake_clean_first' from command line to 'False'
[0.947s] Level 5:colcon.colcon_core.verb:set package 'vrpn_listener' build argument 'cmake_force_configure' from command line to 'False'
[0.947s] Level 5:colcon.colcon_core.verb:set package 'vrpn_listener' build argument 'ament_cmake_args' from command line to 'None'
[0.947s] Level 5:colcon.colcon_core.verb:set package 'vrpn_listener' build argument 'catkin_cmake_args' from command line to 'None'
[0.947s] Level 5:colcon.colcon_core.verb:set package 'vrpn_listener' build argument 'catkin_skip_building_tests' from command line to 'False'
[0.947s] DEBUG:colcon.colcon_core.verb:Building package 'vrpn_listener' with the following arguments: {'ament_cmake_args': None, 'bazel_args': None, 'bazel_task': None, 'build_base': '/home/nicsrobot/Documents/vrpn_ros2/build/vrpn_listener', 'catkin_cmake_args': None, 'catkin_skip_building_tests': False, 'cmake_args': None, 'cmake_clean_cache': False, 'cmake_clean_first': False, 'cmake_force_configure': False, 'cmake_target': None, 'cmake_target_skip_unavailable': False, 'install_base': '/home/nicsrobot/Documents/vrpn_ros2/install/vrpn_listener', 'merge_install': False, 'path': '/home/nicsrobot/Documents/vrpn_ros2/src/vrpn_listener', 'symlink_install': False, 'test_result_base': None}
[0.951s] INFO:colcon.colcon_core.executor:Executing jobs using 'parallel' executor
[0.975s] DEBUG:colcon.colcon_parallel_executor.executor.parallel:run_until_complete
[0.975s] INFO:colcon.colcon_ros.task.ament_cmake.build:Building ROS package in '/home/nicsrobot/Documents/vrpn_ros2/src/vrpn_listener' with build type 'ament_cmake'
[0.975s] INFO:colcon.colcon_cmake.task.cmake.build:Building CMake package in '/home/nicsrobot/Documents/vrpn_ros2/src/vrpn_listener'
[0.998s] INFO:colcon.colcon_core.plugin_system:Skipping extension 'colcon_core.shell.bat': Not used on non-Windows systems
[0.998s] INFO:colcon.colcon_core.shell:Skip shell extension 'powershell' for command environment: Not usable outside of PowerShell
[0.999s] DEBUG:colcon.colcon_core.shell:Skip shell extension 'dsv' for command environment
[1.056s] DEBUG:colcon.colcon_core.event_handler.log_command:Invoking command in '/home/nicsrobot/Documents/vrpn_ros2/build/vrpn_listener': CMAKE_PREFIX_PATH=${CMAKE_PREFIX_PATH}:/home/nicsrobot/ros2_ws/install/rqt_graph:/home/nicsrobot/ros2_foxy_debug/install/ros2bag:/home/nicsrobot/ros2_foxy_debug/install/tracetools_launch:/home/nicsrobot/ros2_foxy_debug/install/topic_monitor:/home/nicsrobot/ros2_foxy_debug/install/examples_tf2_py:/home/nicsrobot/ros2_foxy_debug/install/sros2:/home/nicsrobot/ros2_foxy_debug/install/ros2trace:/home/nicsrobot/ros2_foxy_debug/install/ros2topic:/home/nicsrobot/ros2_foxy_debug/install/ros2test:/home/nicsrobot/ros2_foxy_debug/install/ros2component:/home/nicsrobot/ros2_foxy_debug/install/ros2param:/home/nicsrobot/ros2_foxy_debug/install/ros2lifecycle:/home/nicsrobot/ros2_foxy_debug/install/ros2service:/home/nicsrobot/ros2_foxy_debug/install/ros2run:/home/nicsrobot/ros2_foxy_debug/install/ros2launch:/home/nicsrobot/ros2_foxy_debug/install/ros2pkg:/home/nicsrobot/ros2_foxy_debug/install/ros2node:/home/nicsrobot/ros2_foxy_debug/install/ros2multicast:/home/nicsrobot/ros2_foxy_debug/install/ros2interface:/home/nicsrobot/ros2_foxy_debug/install/ros2doctor:/home/nicsrobot/ros2_foxy_debug/install/ros2action:/home/nicsrobot/ros2_foxy_debug/install/ros2cli:/home/nicsrobot/ros2_foxy_debug/install/quality_of_service_demo_py:/home/nicsrobot/ros2_foxy_debug/install/launch_testing_ros:/home/nicsrobot/ros2_foxy_debug/install/launch_ros:/home/nicsrobot/ros2_foxy_debug/install/examples_rclpy_minimal_subscriber:/home/nicsrobot/ros2_foxy_debug/install/examples_rclpy_minimal_service:/home/nicsrobot/ros2_foxy_debug/install/examples_rclpy_minimal_publisher:/home/nicsrobot/ros2_foxy_debug/install/examples_rclpy_minimal_client:/home/nicsrobot/ros2_foxy_debug/install/examples_rclpy_minimal_action_server:/home/nicsrobot/ros2_foxy_debug/install/examples_rclpy_minimal_action_client:/home/nicsrobot/ros2_foxy_debug/install/examples_rclpy_executors:/home/nicsrobot/ros2_foxy_debug/install/demo_nodes_py:/home/nicsrobot/ros2_foxy_debug/install/action_tutorials_py:/home/nicsrobot/ros2_foxy_debug/install/ament_uncrustify:/home/nicsrobot/ros2_foxy_debug/install/tracetools_trace:/home/nicsrobot/ros2_foxy_debug/install/tracetools_read:/home/nicsrobot/ros2_foxy_debug/install/test_launch_ros:/home/nicsrobot/ros2_foxy_debug/install/sensor_msgs_py:/home/nicsrobot/ros2_foxy_debug/install/rpyutils:/home/nicsrobot/ros2_foxy_debug/install/rosidl_runtime_py:/home/nicsrobot/ros2_foxy_debug/install/launch_yaml:/home/nicsrobot/ros2_foxy_debug/install/launch_xml:/home/nicsrobot/ros2_foxy_debug/install/launch_testing:/home/nicsrobot/ros2_foxy_debug/install/launch:/home/nicsrobot/ros2_foxy_debug/install/osrf_pycommon:/home/nicsrobot/ros2_foxy_debug/install/domain_coordinator:/home/nicsrobot/ros2_foxy_debug/install/ament_xmllint:/home/nicsrobot/ros2_foxy_debug/install/ament_pyflakes:/home/nicsrobot/ros2_foxy_debug/install/ament_pycodestyle:/home/nicsrobot/ros2_foxy_debug/install/ament_pep257:/home/nicsrobot/ros2_foxy_debug/install/ament_pclint:/home/nicsrobot/ros2_foxy_debug/install/ament_package:/home/nicsrobot/ros2_foxy_debug/install/ament_mypy:/home/nicsrobot/ros2_foxy_debug/install/ament_lint_cmake:/home/nicsrobot/ros2_foxy_debug/install/ament_flake8:/home/nicsrobot/ros2_foxy_debug/install/ament_copyright:/home/nicsrobot/ros2_foxy_debug/install/ament_lint:/home/nicsrobot/ros2_foxy_debug/install/ament_index_python:/home/nicsrobot/ros2_foxy_debug/install/ament_cpplint:/home/nicsrobot/ros2_foxy_debug/install/ament_cppcheck:/home/nicsrobot/ros2_foxy_debug/install/ament_clang_tidy:/home/nicsrobot/ros2_foxy_debug/install/ament_clang_format /usr/bin/cmake /home/nicsrobot/Documents/vrpn_ros2/src/vrpn_listener -DCMAKE_INSTALL_PREFIX=/home/nicsrobot/Documents/vrpn_ros2/install/vrpn_listener
[7.543s] DEBUG:colcon.colcon_core.event_handler.log_command:Invoked command in '/home/nicsrobot/Documents/vrpn_ros2/build/vrpn_listener' returned '0': CMAKE_PREFIX_PATH=${CMAKE_PREFIX_PATH}:/home/nicsrobot/ros2_ws/install/rqt_graph:/home/nicsrobot/ros2_foxy_debug/install/ros2bag:/home/nicsrobot/ros2_foxy_debug/install/tracetools_launch:/home/nicsrobot/ros2_foxy_debug/install/topic_monitor:/home/nicsrobot/ros2_foxy_debug/install/examples_tf2_py:/home/nicsrobot/ros2_foxy_debug/install/sros2:/home/nicsrobot/ros2_foxy_debug/install/ros2trace:/home/nicsrobot/ros2_foxy_debug/install/ros2topic:/home/nicsrobot/ros2_foxy_debug/install/ros2test:/home/nicsrobot/ros2_foxy_debug/install/ros2component:/home/nicsrobot/ros2_foxy_debug/install/ros2param:/home/nicsrobot/ros2_foxy_debug/install/ros2lifecycle:/home/nicsrobot/ros2_foxy_debug/install/ros2service:/home/nicsrobot/ros2_foxy_debug/install/ros2run:/home/nicsrobot/ros2_foxy_debug/install/ros2launch:/home/nicsrobot/ros2_foxy_debug/install/ros2pkg:/home/nicsrobot/ros2_foxy_debug/install/ros2node:/home/nicsrobot/ros2_foxy_debug/install/ros2multicast:/home/nicsrobot/ros2_foxy_debug/install/ros2interface:/home/nicsrobot/ros2_foxy_debug/install/ros2doctor:/home/nicsrobot/ros2_foxy_debug/install/ros2action:/home/nicsrobot/ros2_foxy_debug/install/ros2cli:/home/nicsrobot/ros2_foxy_debug/install/quality_of_service_demo_py:/home/nicsrobot/ros2_foxy_debug/install/launch_testing_ros:/home/nicsrobot/ros2_foxy_debug/install/launch_ros:/home/nicsrobot/ros2_foxy_debug/install/examples_rclpy_minimal_subscriber:/home/nicsrobot/ros2_foxy_debug/install/examples_rclpy_minimal_service:/home/nicsrobot/ros2_foxy_debug/install/examples_rclpy_minimal_publisher:/home/nicsrobot/ros2_foxy_debug/install/examples_rclpy_minimal_client:/home/nicsrobot/ros2_foxy_debug/install/examples_rclpy_minimal_action_server:/home/nicsrobot/ros2_foxy_debug/install/examples_rclpy_minimal_action_client:/home/nicsrobot/ros2_foxy_debug/install/examples_rclpy_executors:/home/nicsrobot/ros2_foxy_debug/install/demo_nodes_py:/home/nicsrobot/ros2_foxy_debug/install/action_tutorials_py:/home/nicsrobot/ros2_foxy_debug/install/ament_uncrustify:/home/nicsrobot/ros2_foxy_debug/install/tracetools_trace:/home/nicsrobot/ros2_foxy_debug/install/tracetools_read:/home/nicsrobot/ros2_foxy_debug/install/test_launch_ros:/home/nicsrobot/ros2_foxy_debug/install/sensor_msgs_py:/home/nicsrobot/ros2_foxy_debug/install/rpyutils:/home/nicsrobot/ros2_foxy_debug/install/rosidl_runtime_py:/home/nicsrobot/ros2_foxy_debug/install/launch_yaml:/home/nicsrobot/ros2_foxy_debug/install/launch_xml:/home/nicsrobot/ros2_foxy_debug/install/launch_testing:/home/nicsrobot/ros2_foxy_debug/install/launch:/home/nicsrobot/ros2_foxy_debug/install/osrf_pycommon:/home/nicsrobot/ros2_foxy_debug/install/domain_coordinator:/home/nicsrobot/ros2_foxy_debug/install/ament_xmllint:/home/nicsrobot/ros2_foxy_debug/install/ament_pyflakes:/home/nicsrobot/ros2_foxy_debug/install/ament_pycodestyle:/home/nicsrobot/ros2_foxy_debug/install/ament_pep257:/home/nicsrobot/ros2_foxy_debug/install/ament_pclint:/home/nicsrobot/ros2_foxy_debug/install/ament_package:/home/nicsrobot/ros2_foxy_debug/install/ament_mypy:/home/nicsrobot/ros2_foxy_debug/install/ament_lint_cmake:/home/nicsrobot/ros2_foxy_debug/install/ament_flake8:/home/nicsrobot/ros2_foxy_debug/install/ament_copyright:/home/nicsrobot/ros2_foxy_debug/install/ament_lint:/home/nicsrobot/ros2_foxy_debug/install/ament_index_python:/home/nicsrobot/ros2_foxy_debug/install/ament_cpplint:/home/nicsrobot/ros2_foxy_debug/install/ament_cppcheck:/home/nicsrobot/ros2_foxy_debug/install/ament_clang_tidy:/home/nicsrobot/ros2_foxy_debug/install/ament_clang_format /usr/bin/cmake /home/nicsrobot/Documents/vrpn_ros2/src/vrpn_listener -DCMAKE_INSTALL_PREFIX=/home/nicsrobot/Documents/vrpn_ros2/install/vrpn_listener
[7.550s] DEBUG:colcon.colcon_core.event_handler.log_command:Invoking command in '/home/nicsrobot/Documents/vrpn_ros2/build/vrpn_listener': CMAKE_PREFIX_PATH=${CMAKE_PREFIX_PATH}:/home/nicsrobot/ros2_ws/install/rqt_graph:/home/nicsrobot/ros2_foxy_debug/install/ros2bag:/home/nicsrobot/ros2_foxy_debug/install/tracetools_launch:/home/nicsrobot/ros2_foxy_debug/install/topic_monitor:/home/nicsrobot/ros2_foxy_debug/install/examples_tf2_py:/home/nicsrobot/ros2_foxy_debug/install/sros2:/home/nicsrobot/ros2_foxy_debug/install/ros2trace:/home/nicsrobot/ros2_foxy_debug/install/ros2topic:/home/nicsrobot/ros2_foxy_debug/install/ros2test:/home/nicsrobot/ros2_foxy_debug/install/ros2component:/home/nicsrobot/ros2_foxy_debug/install/ros2param:/home/nicsrobot/ros2_foxy_debug/install/ros2lifecycle:/home/nicsrobot/ros2_foxy_debug/install/ros2service:/home/nicsrobot/ros2_foxy_debug/install/ros2run:/home/nicsrobot/ros2_foxy_debug/install/ros2launch:/home/nicsrobot/ros2_foxy_debug/install/ros2pkg:/home/nicsrobot/ros2_foxy_debug/install/ros2node:/home/nicsrobot/ros2_foxy_debug/install/ros2multicast:/home/nicsrobot/ros2_foxy_debug/install/ros2interface:/home/nicsrobot/ros2_foxy_debug/install/ros2doctor:/home/nicsrobot/ros2_foxy_debug/install/ros2action:/home/nicsrobot/ros2_foxy_debug/install/ros2cli:/home/nicsrobot/ros2_foxy_debug/install/quality_of_service_demo_py:/home/nicsrobot/ros2_foxy_debug/install/launch_testing_ros:/home/nicsrobot/ros2_foxy_debug/install/launch_ros:/home/nicsrobot/ros2_foxy_debug/install/examples_rclpy_minimal_subscriber:/home/nicsrobot/ros2_foxy_debug/install/examples_rclpy_minimal_service:/home/nicsrobot/ros2_foxy_debug/install/examples_rclpy_minimal_publisher:/home/nicsrobot/ros2_foxy_debug/install/examples_rclpy_minimal_client:/home/nicsrobot/ros2_foxy_debug/install/examples_rclpy_minimal_action_server:/home/nicsrobot/ros2_foxy_debug/install/examples_rclpy_minimal_action_client:/home/nicsrobot/ros2_foxy_debug/install/examples_rclpy_executors:/home/nicsrobot/ros2_foxy_debug/install/demo_nodes_py:/home/nicsrobot/ros2_foxy_debug/install/action_tutorials_py:/home/nicsrobot/ros2_foxy_debug/install/ament_uncrustify:/home/nicsrobot/ros2_foxy_debug/install/tracetools_trace:/home/nicsrobot/ros2_foxy_debug/install/tracetools_read:/home/nicsrobot/ros2_foxy_debug/install/test_launch_ros:/home/nicsrobot/ros2_foxy_debug/install/sensor_msgs_py:/home/nicsrobot/ros2_foxy_debug/install/rpyutils:/home/nicsrobot/ros2_foxy_debug/install/rosidl_runtime_py:/home/nicsrobot/ros2_foxy_debug/install/launch_yaml:/home/nicsrobot/ros2_foxy_debug/install/launch_xml:/home/nicsrobot/ros2_foxy_debug/install/launch_testing:/home/nicsrobot/ros2_foxy_debug/install/launch:/home/nicsrobot/ros2_foxy_debug/install/osrf_pycommon:/home/nicsrobot/ros2_foxy_debug/install/domain_coordinator:/home/nicsrobot/ros2_foxy_debug/install/ament_xmllint:/home/nicsrobot/ros2_foxy_debug/install/ament_pyflakes:/home/nicsrobot/ros2_foxy_debug/install/ament_pycodestyle:/home/nicsrobot/ros2_foxy_debug/install/ament_pep257:/home/nicsrobot/ros2_foxy_debug/install/ament_pclint:/home/nicsrobot/ros2_foxy_debug/install/ament_package:/home/nicsrobot/ros2_foxy_debug/install/ament_mypy:/home/nicsrobot/ros2_foxy_debug/install/ament_lint_cmake:/home/nicsrobot/ros2_foxy_debug/install/ament_flake8:/home/nicsrobot/ros2_foxy_debug/install/ament_copyright:/home/nicsrobot/ros2_foxy_debug/install/ament_lint:/home/nicsrobot/ros2_foxy_debug/install/ament_index_python:/home/nicsrobot/ros2_foxy_debug/install/ament_cpplint:/home/nicsrobot/ros2_foxy_debug/install/ament_cppcheck:/home/nicsrobot/ros2_foxy_debug/install/ament_clang_tidy:/home/nicsrobot/ros2_foxy_debug/install/ament_clang_format /usr/bin/cmake --build /home/nicsrobot/Documents/vrpn_ros2/build/vrpn_listener -- -j8 -l8
[14.285s] DEBUG:colcon.colcon_core.event_handler.log_command:Invoked command in '/home/nicsrobot/Documents/vrpn_ros2/build/vrpn_listener' returned '0': CMAKE_PREFIX_PATH=${CMAKE_PREFIX_PATH}:/home/nicsrobot/ros2_ws/install/rqt_graph:/home/nicsrobot/ros2_foxy_debug/install/ros2bag:/home/nicsrobot/ros2_foxy_debug/install/tracetools_launch:/home/nicsrobot/ros2_foxy_debug/install/topic_monitor:/home/nicsrobot/ros2_foxy_debug/install/examples_tf2_py:/home/nicsrobot/ros2_foxy_debug/install/sros2:/home/nicsrobot/ros2_foxy_debug/install/ros2trace:/home/nicsrobot/ros2_foxy_debug/install/ros2topic:/home/nicsrobot/ros2_foxy_debug/install/ros2test:/home/nicsrobot/ros2_foxy_debug/install/ros2component:/home/nicsrobot/ros2_foxy_debug/install/ros2param:/home/nicsrobot/ros2_foxy_debug/install/ros2lifecycle:/home/nicsrobot/ros2_foxy_debug/install/ros2service:/home/nicsrobot/ros2_foxy_debug/install/ros2run:/home/nicsrobot/ros2_foxy_debug/install/ros2launch:/home/nicsrobot/ros2_foxy_debug/install/ros2pkg:/home/nicsrobot/ros2_foxy_debug/install/ros2node:/home/nicsrobot/ros2_foxy_debug/install/ros2multicast:/home/nicsrobot/ros2_foxy_debug/install/ros2interface:/home/nicsrobot/ros2_foxy_debug/install/ros2doctor:/home/nicsrobot/ros2_foxy_debug/install/ros2action:/home/nicsrobot/ros2_foxy_debug/install/ros2cli:/home/nicsrobot/ros2_foxy_debug/install/quality_of_service_demo_py:/home/nicsrobot/ros2_foxy_debug/install/launch_testing_ros:/home/nicsrobot/ros2_foxy_debug/install/launch_ros:/home/nicsrobot/ros2_foxy_debug/install/examples_rclpy_minimal_subscriber:/home/nicsrobot/ros2_foxy_debug/install/examples_rclpy_minimal_service:/home/nicsrobot/ros2_foxy_debug/install/examples_rclpy_minimal_publisher:/home/nicsrobot/ros2_foxy_debug/install/examples_rclpy_minimal_client:/home/nicsrobot/ros2_foxy_debug/install/examples_rclpy_minimal_action_server:/home/nicsrobot/ros2_foxy_debug/install/examples_rclpy_minimal_action_client:/home/nicsrobot/ros2_foxy_debug/install/examples_rclpy_executors:/home/nicsrobot/ros2_foxy_debug/install/demo_nodes_py:/home/nicsrobot/ros2_foxy_debug/install/action_tutorials_py:/home/nicsrobot/ros2_foxy_debug/install/ament_uncrustify:/home/nicsrobot/ros2_foxy_debug/install/tracetools_trace:/home/nicsrobot/ros2_foxy_debug/install/tracetools_read:/home/nicsrobot/ros2_foxy_debug/install/test_launch_ros:/home/nicsrobot/ros2_foxy_debug/install/sensor_msgs_py:/home/nicsrobot/ros2_foxy_debug/install/rpyutils:/home/nicsrobot/ros2_foxy_debug/install/rosidl_runtime_py:/home/nicsrobot/ros2_foxy_debug/install/launch_yaml:/home/nicsrobot/ros2_foxy_debug/install/launch_xml:/home/nicsrobot/ros2_foxy_debug/install/launch_testing:/home/nicsrobot/ros2_foxy_debug/install/launch:/home/nicsrobot/ros2_foxy_debug/install/osrf_pycommon:/home/nicsrobot/ros2_foxy_debug/install/domain_coordinator:/home/nicsrobot/ros2_foxy_debug/install/ament_xmllint:/home/nicsrobot/ros2_foxy_debug/install/ament_pyflakes:/home/nicsrobot/ros2_foxy_debug/install/ament_pycodestyle:/home/nicsrobot/ros2_foxy_debug/install/ament_pep257:/home/nicsrobot/ros2_foxy_debug/install/ament_pclint:/home/nicsrobot/ros2_foxy_debug/install/ament_package:/home/nicsrobot/ros2_foxy_debug/install/ament_mypy:/home/nicsrobot/ros2_foxy_debug/install/ament_lint_cmake:/home/nicsrobot/ros2_foxy_debug/install/ament_flake8:/home/nicsrobot/ros2_foxy_debug/install/ament_copyright:/home/nicsrobot/ros2_foxy_debug/install/ament_lint:/home/nicsrobot/ros2_foxy_debug/install/ament_index_python:/home/nicsrobot/ros2_foxy_debug/install/ament_cpplint:/home/nicsrobot/ros2_foxy_debug/install/ament_cppcheck:/home/nicsrobot/ros2_foxy_debug/install/ament_clang_tidy:/home/nicsrobot/ros2_foxy_debug/install/ament_clang_format /usr/bin/cmake --build /home/nicsrobot/Documents/vrpn_ros2/build/vrpn_listener -- -j8 -l8
[14.387s] DEBUG:colcon.colcon_core.event_handler.log_command:Invoking command in '/home/nicsrobot/Documents/vrpn_ros2/build/vrpn_listener': CMAKE_PREFIX_PATH=${CMAKE_PREFIX_PATH}:/home/nicsrobot/ros2_ws/install/rqt_graph:/home/nicsrobot/ros2_foxy_debug/install/ros2bag:/home/nicsrobot/ros2_foxy_debug/install/tracetools_launch:/home/nicsrobot/ros2_foxy_debug/install/topic_monitor:/home/nicsrobot/ros2_foxy_debug/install/examples_tf2_py:/home/nicsrobot/ros2_foxy_debug/install/sros2:/home/nicsrobot/ros2_foxy_debug/install/ros2trace:/home/nicsrobot/ros2_foxy_debug/install/ros2topic:/home/nicsrobot/ros2_foxy_debug/install/ros2test:/home/nicsrobot/ros2_foxy_debug/install/ros2component:/home/nicsrobot/ros2_foxy_debug/install/ros2param:/home/nicsrobot/ros2_foxy_debug/install/ros2lifecycle:/home/nicsrobot/ros2_foxy_debug/install/ros2service:/home/nicsrobot/ros2_foxy_debug/install/ros2run:/home/nicsrobot/ros2_foxy_debug/install/ros2launch:/home/nicsrobot/ros2_foxy_debug/install/ros2pkg:/home/nicsrobot/ros2_foxy_debug/install/ros2node:/home/nicsrobot/ros2_foxy_debug/install/ros2multicast:/home/nicsrobot/ros2_foxy_debug/install/ros2interface:/home/nicsrobot/ros2_foxy_debug/install/ros2doctor:/home/nicsrobot/ros2_foxy_debug/install/ros2action:/home/nicsrobot/ros2_foxy_debug/install/ros2cli:/home/nicsrobot/ros2_foxy_debug/install/quality_of_service_demo_py:/home/nicsrobot/ros2_foxy_debug/install/launch_testing_ros:/home/nicsrobot/ros2_foxy_debug/install/launch_ros:/home/nicsrobot/ros2_foxy_debug/install/examples_rclpy_minimal_subscriber:/home/nicsrobot/ros2_foxy_debug/install/examples_rclpy_minimal_service:/home/nicsrobot/ros2_foxy_debug/install/examples_rclpy_minimal_publisher:/home/nicsrobot/ros2_foxy_debug/install/examples_rclpy_minimal_client:/home/nicsrobot/ros2_foxy_debug/install/examples_rclpy_minimal_action_server:/home/nicsrobot/ros2_foxy_debug/install/examples_rclpy_minimal_action_client:/home/nicsrobot/ros2_foxy_debug/install/examples_rclpy_executors:/home/nicsrobot/ros2_foxy_debug/install/demo_nodes_py:/home/nicsrobot/ros2_foxy_debug/install/action_tutorials_py:/home/nicsrobot/ros2_foxy_debug/install/ament_uncrustify:/home/nicsrobot/ros2_foxy_debug/install/tracetools_trace:/home/nicsrobot/ros2_foxy_debug/install/tracetools_read:/home/nicsrobot/ros2_foxy_debug/install/test_launch_ros:/home/nicsrobot/ros2_foxy_debug/install/sensor_msgs_py:/home/nicsrobot/ros2_foxy_debug/install/rpyutils:/home/nicsrobot/ros2_foxy_debug/install/rosidl_runtime_py:/home/nicsrobot/ros2_foxy_debug/install/launch_yaml:/home/nicsrobot/ros2_foxy_debug/install/launch_xml:/home/nicsrobot/ros2_foxy_debug/install/launch_testing:/home/nicsrobot/ros2_foxy_debug/install/launch:/home/nicsrobot/ros2_foxy_debug/install/osrf_pycommon:/home/nicsrobot/ros2_foxy_debug/install/domain_coordinator:/home/nicsrobot/ros2_foxy_debug/install/ament_xmllint:/home/nicsrobot/ros2_foxy_debug/install/ament_pyflakes:/home/nicsrobot/ros2_foxy_debug/install/ament_pycodestyle:/home/nicsrobot/ros2_foxy_debug/install/ament_pep257:/home/nicsrobot/ros2_foxy_debug/install/ament_pclint:/home/nicsrobot/ros2_foxy_debug/install/ament_package:/home/nicsrobot/ros2_foxy_debug/install/ament_mypy:/home/nicsrobot/ros2_foxy_debug/install/ament_lint_cmake:/home/nicsrobot/ros2_foxy_debug/install/ament_flake8:/home/nicsrobot/ros2_foxy_debug/install/ament_copyright:/home/nicsrobot/ros2_foxy_debug/install/ament_lint:/home/nicsrobot/ros2_foxy_debug/install/ament_index_python:/home/nicsrobot/ros2_foxy_debug/install/ament_cpplint:/home/nicsrobot/ros2_foxy_debug/install/ament_cppcheck:/home/nicsrobot/ros2_foxy_debug/install/ament_clang_tidy:/home/nicsrobot/ros2_foxy_debug/install/ament_clang_format /usr/bin/cmake --install /home/nicsrobot/Documents/vrpn_ros2/build/vrpn_listener
[14.419s] Level 1:colcon.colcon_core.environment:create_environment_scripts_only(vrpn_listener)
[14.422s] DEBUG:colcon.colcon_core.event_handler.log_command:Invoked command in '/home/nicsrobot/Documents/vrpn_ros2/build/vrpn_listener' returned '0': CMAKE_PREFIX_PATH=${CMAKE_PREFIX_PATH}:/home/nicsrobot/ros2_ws/install/rqt_graph:/home/nicsrobot/ros2_foxy_debug/install/ros2bag:/home/nicsrobot/ros2_foxy_debug/install/tracetools_launch:/home/nicsrobot/ros2_foxy_debug/install/topic_monitor:/home/nicsrobot/ros2_foxy_debug/install/examples_tf2_py:/home/nicsrobot/ros2_foxy_debug/install/sros2:/home/nicsrobot/ros2_foxy_debug/install/ros2trace:/home/nicsrobot/ros2_foxy_debug/install/ros2topic:/home/nicsrobot/ros2_foxy_debug/install/ros2test:/home/nicsrobot/ros2_foxy_debug/install/ros2component:/home/nicsrobot/ros2_foxy_debug/install/ros2param:/home/nicsrobot/ros2_foxy_debug/install/ros2lifecycle:/home/nicsrobot/ros2_foxy_debug/install/ros2service:/home/nicsrobot/ros2_foxy_debug/install/ros2run:/home/nicsrobot/ros2_foxy_debug/install/ros2launch:/home/nicsrobot/ros2_foxy_debug/install/ros2pkg:/home/nicsrobot/ros2_foxy_debug/install/ros2node:/home/nicsrobot/ros2_foxy_debug/install/ros2multicast:/home/nicsrobot/ros2_foxy_debug/install/ros2interface:/home/nicsrobot/ros2_foxy_debug/install/ros2doctor:/home/nicsrobot/ros2_foxy_debug/install/ros2action:/home/nicsrobot/ros2_foxy_debug/install/ros2cli:/home/nicsrobot/ros2_foxy_debug/install/quality_of_service_demo_py:/home/nicsrobot/ros2_foxy_debug/install/launch_testing_ros:/home/nicsrobot/ros2_foxy_debug/install/launch_ros:/home/nicsrobot/ros2_foxy_debug/install/examples_rclpy_minimal_subscriber:/home/nicsrobot/ros2_foxy_debug/install/examples_rclpy_minimal_service:/home/nicsrobot/ros2_foxy_debug/install/examples_rclpy_minimal_publisher:/home/nicsrobot/ros2_foxy_debug/install/examples_rclpy_minimal_client:/home/nicsrobot/ros2_foxy_debug/install/examples_rclpy_minimal_action_server:/home/nicsrobot/ros2_foxy_debug/install/examples_rclpy_minimal_action_client:/home/nicsrobot/ros2_foxy_debug/install/examples_rclpy_executors:/home/nicsrobot/ros2_foxy_debug/install/demo_nodes_py:/home/nicsrobot/ros2_foxy_debug/install/action_tutorials_py:/home/nicsrobot/ros2_foxy_debug/install/ament_uncrustify:/home/nicsrobot/ros2_foxy_debug/install/tracetools_trace:/home/nicsrobot/ros2_foxy_debug/install/tracetools_read:/home/nicsrobot/ros2_foxy_debug/install/test_launch_ros:/home/nicsrobot/ros2_foxy_debug/install/sensor_msgs_py:/home/nicsrobot/ros2_foxy_debug/install/rpyutils:/home/nicsrobot/ros2_foxy_debug/install/rosidl_runtime_py:/home/nicsrobot/ros2_foxy_debug/install/launch_yaml:/home/nicsrobot/ros2_foxy_debug/install/launch_xml:/home/nicsrobot/ros2_foxy_debug/install/launch_testing:/home/nicsrobot/ros2_foxy_debug/install/launch:/home/nicsrobot/ros2_foxy_debug/install/osrf_pycommon:/home/nicsrobot/ros2_foxy_debug/install/domain_coordinator:/home/nicsrobot/ros2_foxy_debug/install/ament_xmllint:/home/nicsrobot/ros2_foxy_debug/install/ament_pyflakes:/home/nicsrobot/ros2_foxy_debug/install/ament_pycodestyle:/home/nicsrobot/ros2_foxy_debug/install/ament_pep257:/home/nicsrobot/ros2_foxy_debug/install/ament_pclint:/home/nicsrobot/ros2_foxy_debug/install/ament_package:/home/nicsrobot/ros2_foxy_debug/install/ament_mypy:/home/nicsrobot/ros2_foxy_debug/install/ament_lint_cmake:/home/nicsrobot/ros2_foxy_debug/install/ament_flake8:/home/nicsrobot/ros2_foxy_debug/install/ament_copyright:/home/nicsrobot/ros2_foxy_debug/install/ament_lint:/home/nicsrobot/ros2_foxy_debug/install/ament_index_python:/home/nicsrobot/ros2_foxy_debug/install/ament_cpplint:/home/nicsrobot/ros2_foxy_debug/install/ament_cppcheck:/home/nicsrobot/ros2_foxy_debug/install/ament_clang_tidy:/home/nicsrobot/ros2_foxy_debug/install/ament_clang_format /usr/bin/cmake --install /home/nicsrobot/Documents/vrpn_ros2/build/vrpn_listener
[14.439s] Level 1:colcon.colcon_core.environment:checking '/home/nicsrobot/Documents/vrpn_ros2/install/vrpn_listener' for CMake module files
[14.440s] Level 1:colcon.colcon_core.environment:checking '/home/nicsrobot/Documents/vrpn_ros2/install/vrpn_listener' for CMake config files
[14.440s] Level 1:colcon.colcon_core.shell:create_environment_hook('vrpn_listener', 'cmake_prefix_path')
[14.450s] INFO:colcon.colcon_core.shell:Creating environment hook '/home/nicsrobot/Documents/vrpn_ros2/install/vrpn_listener/share/vrpn_listener/hook/cmake_prefix_path.ps1'
[14.451s] INFO:colcon.colcon_core.shell:Creating environment descriptor '/home/nicsrobot/Documents/vrpn_ros2/install/vrpn_listener/share/vrpn_listener/hook/cmake_prefix_path.dsv'
[14.452s] INFO:colcon.colcon_core.shell:Creating environment hook '/home/nicsrobot/Documents/vrpn_ros2/install/vrpn_listener/share/vrpn_listener/hook/cmake_prefix_path.sh'
[14.454s] Level 1:colcon.colcon_core.environment:checking '/home/nicsrobot/Documents/vrpn_ros2/install/vrpn_listener/lib'
[14.454s] Level 1:colcon.colcon_core.environment:checking '/home/nicsrobot/Documents/vrpn_ros2/install/vrpn_listener/bin'
[14.454s] Level 1:colcon.colcon_core.environment:checking '/home/nicsrobot/Documents/vrpn_ros2/install/vrpn_listener/lib/pkgconfig/vrpn_listener.pc'
[14.457s] Level 1:colcon.colcon_core.environment:checking '/home/nicsrobot/Documents/vrpn_ros2/install/vrpn_listener/lib/python3.8/site-packages'
[14.457s] Level 1:colcon.colcon_core.environment:checking '/home/nicsrobot/Documents/vrpn_ros2/install/vrpn_listener/bin'
[14.469s] INFO:colcon.colcon_core.shell:Creating package script '/home/nicsrobot/Documents/vrpn_ros2/install/vrpn_listener/share/vrpn_listener/package.ps1'
[14.471s] INFO:colcon.colcon_core.shell:Creating package descriptor '/home/nicsrobot/Documents/vrpn_ros2/install/vrpn_listener/share/vrpn_listener/package.dsv'
[14.472s] INFO:colcon.colcon_core.shell:Creating package script '/home/nicsrobot/Documents/vrpn_ros2/install/vrpn_listener/share/vrpn_listener/package.sh'
[14.474s] INFO:colcon.colcon_core.shell:Creating package script '/home/nicsrobot/Documents/vrpn_ros2/install/vrpn_listener/share/vrpn_listener/package.bash'
[14.475s] INFO:colcon.colcon_core.shell:Creating package script '/home/nicsrobot/Documents/vrpn_ros2/install/vrpn_listener/share/vrpn_listener/package.zsh'
[14.476s] Level 1:colcon.colcon_core.environment:create_file_with_runtime_dependencies(/home/nicsrobot/Documents/vrpn_ros2/install/vrpn_listener/share/colcon-core/packages/vrpn_listener)
[14.572s] Level 1:colcon.colcon_core.environment:create_environment_scripts_only(vrpn_listener)
[14.586s] Level 1:colcon.colcon_core.environment:checking '/home/nicsrobot/Documents/vrpn_ros2/install/vrpn_listener' for CMake module files
[14.586s] Level 1:colcon.colcon_core.environment:checking '/home/nicsrobot/Documents/vrpn_ros2/install/vrpn_listener' for CMake config files
[14.587s] Level 1:colcon.colcon_core.shell:create_environment_hook('vrpn_listener', 'cmake_prefix_path')
[14.597s] INFO:colcon.colcon_core.shell:Creating environment hook '/home/nicsrobot/Documents/vrpn_ros2/install/vrpn_listener/share/vrpn_listener/hook/cmake_prefix_path.ps1'
[14.598s] INFO:colcon.colcon_core.shell:Creating environment descriptor '/home/nicsrobot/Documents/vrpn_ros2/install/vrpn_listener/share/vrpn_listener/hook/cmake_prefix_path.dsv'
[14.599s] INFO:colcon.colcon_core.shell:Creating environment hook '/home/nicsrobot/Documents/vrpn_ros2/install/vrpn_listener/share/vrpn_listener/hook/cmake_prefix_path.sh'
[14.601s] Level 1:colcon.colcon_core.environment:checking '/home/nicsrobot/Documents/vrpn_ros2/install/vrpn_listener/lib'
[14.601s] Level 1:colcon.colcon_core.environment:checking '/home/nicsrobot/Documents/vrpn_ros2/install/vrpn_listener/bin'
[14.601s] Level 1:colcon.colcon_core.environment:checking '/home/nicsrobot/Documents/vrpn_ros2/install/vrpn_listener/lib/pkgconfig/vrpn_listener.pc'
[14.602s] Level 1:colcon.colcon_core.environment:checking '/home/nicsrobot/Documents/vrpn_ros2/install/vrpn_listener/lib/python3.8/site-packages'
[14.602s] Level 1:colcon.colcon_core.environment:checking '/home/nicsrobot/Documents/vrpn_ros2/install/vrpn_listener/bin'
[14.612s] INFO:colcon.colcon_core.shell:Creating package script '/home/nicsrobot/Documents/vrpn_ros2/install/vrpn_listener/share/vrpn_listener/package.ps1'
[14.613s] INFO:colcon.colcon_core.shell:Creating package descriptor '/home/nicsrobot/Documents/vrpn_ros2/install/vrpn_listener/share/vrpn_listener/package.dsv'
[14.615s] INFO:colcon.colcon_core.shell:Creating package script '/home/nicsrobot/Documents/vrpn_ros2/install/vrpn_listener/share/vrpn_listener/package.sh'
[14.616s] INFO:colcon.colcon_core.shell:Creating package script '/home/nicsrobot/Documents/vrpn_ros2/install/vrpn_listener/share/vrpn_listener/package.bash'
[14.617s] INFO:colcon.colcon_core.shell:Creating package script '/home/nicsrobot/Documents/vrpn_ros2/install/vrpn_listener/share/vrpn_listener/package.zsh'
[14.617s] Level 1:colcon.colcon_core.environment:create_file_with_runtime_dependencies(/home/nicsrobot/Documents/vrpn_ros2/install/vrpn_listener/share/colcon-core/packages/vrpn_listener)
[14.618s] DEBUG:colcon.colcon_parallel_executor.executor.parallel:closing loop
[14.620s] DEBUG:colcon.colcon_parallel_executor.executor.parallel:loop closed
[14.620s] DEBUG:colcon.colcon_parallel_executor.executor.parallel:run_until_complete finished with '0'
[14.620s] DEBUG:colcon.colcon_core.event_reactor:joining thread
[14.637s] INFO:colcon.colcon_core.plugin_system:Skipping extension 'colcon_notification.desktop_notification.terminal_notifier': Not used on non-Darwin systems
[14.637s] INFO:colcon.colcon_core.plugin_system:Skipping extension 'colcon_notification.desktop_notification.win32': Not used on non-Windows systems
[14.637s] INFO:colcon.colcon_notification.desktop_notification:Sending desktop notification using 'notify2'
[14.646s] DEBUG:colcon.colcon_core.event_reactor:joined thread
[14.662s] INFO:colcon.colcon_core.shell:Creating prefix script '/home/nicsrobot/Documents/vrpn_ros2/install/local_setup.ps1'
[14.665s] INFO:colcon.colcon_core.shell:Creating prefix util module '/home/nicsrobot/Documents/vrpn_ros2/install/_local_setup_util_ps1.py'
[14.667s] INFO:colcon.colcon_core.shell:Creating prefix chain script '/home/nicsrobot/Documents/vrpn_ros2/install/setup.ps1'
[14.688s] INFO:colcon.colcon_core.shell:Creating prefix script '/home/nicsrobot/Documents/vrpn_ros2/install/local_setup.sh'
[14.690s] INFO:colcon.colcon_core.shell:Creating prefix util module '/home/nicsrobot/Documents/vrpn_ros2/install/_local_setup_util_sh.py'
[14.691s] INFO:colcon.colcon_core.shell:Creating prefix chain script '/home/nicsrobot/Documents/vrpn_ros2/install/setup.sh'
[14.714s] INFO:colcon.colcon_core.shell:Creating prefix script '/home/nicsrobot/Documents/vrpn_ros2/install/local_setup.bash'
[14.715s] INFO:colcon.colcon_core.shell:Creating prefix chain script '/home/nicsrobot/Documents/vrpn_ros2/install/setup.bash'
[14.738s] INFO:colcon.colcon_core.shell:Creating prefix script '/home/nicsrobot/Documents/vrpn_ros2/install/local_setup.zsh'
[14.739s] INFO:colcon.colcon_core.shell:Creating prefix chain script '/home/nicsrobot/Documents/vrpn_ros2/install/setup.zsh'
